Using pre-set license
Built from '2022.3/staging' branch; Version is '2022.3.51f1 (9f9d16c45e54) revision 10460438'; Using compiler version '192829333'; Build Type 'Release'
OS: 'Windows 10  (10.0.19045) 64bit Core' Language: 'es' Physical Memory: 16205 MB
BatchMode: 1, IsHumanControllingUs: 0, StartBugReporterOnCrash: 0, Is64bit: 1, IsPro: 1

COMMAND LINE ARGUMENTS:
C:\Program Files\Unity\Hub\Editor\2022.3.51f1\Editor\Unity.exe
-adb2
-batchMode
-noUpm
-name
AssetImportWorker3
-projectPath
C:/Users/ernes/Desktop/Insti/Projecte/TheForgottenEpochs
-logFile
Logs/AssetImportWorker3.log
-srvPort
50205
Successfully changed project path to: C:/Users/ernes/Desktop/Insti/Projecte/TheForgottenEpochs
C:/Users/ernes/Desktop/Insti/Projecte/TheForgottenEpochs
[UnityMemory] Configuration Parameters - Can be set up in boot.config
    "memorysetup-bucket-allocator-granularity=16"
    "memorysetup-bucket-allocator-bucket-count=8"
    "memorysetup-bucket-allocator-block-size=33554432"
    "memorysetup-bucket-allocator-block-count=8"
    "memorysetup-main-allocator-block-size=16777216"
    "memorysetup-thread-allocator-block-size=16777216"
    "memorysetup-gfx-main-allocator-block-size=16777216"
    "memorysetup-gfx-thread-allocator-block-size=16777216"
    "memorysetup-cache-allocator-block-size=4194304"
    "memorysetup-typetree-allocator-block-size=2097152"
    "memorysetup-profiler-bucket-allocator-granularity=16"
    "memorysetup-profiler-bucket-allocator-bucket-count=8"
    "memorysetup-profiler-bucket-allocator-block-size=33554432"
    "memorysetup-profiler-bucket-allocator-block-count=8"
    "memorysetup-profiler-allocator-block-size=16777216"
    "memorysetup-profiler-editor-allocator-block-size=1048576"
    "memorysetup-temp-allocator-size-main=16777216"
    "memorysetup-job-temp-allocator-block-size=2097152"
    "memorysetup-job-temp-allocator-block-size-background=1048576"
    "memorysetup-job-temp-allocator-reduction-small-platforms=262144"
    "memorysetup-allocator-temp-initial-block-size-main=262144"
    "memorysetup-allocator-temp-initial-block-size-worker=262144"
    "memorysetup-temp-allocator-size-background-worker=32768"
    "memorysetup-temp-allocator-size-job-worker=262144"
    "memorysetup-temp-allocator-size-preload-manager=33554432"
    "memorysetup-temp-allocator-size-nav-mesh-worker=65536"
    "memorysetup-temp-allocator-size-audio-worker=65536"
    "memorysetup-temp-allocator-size-cloud-worker=32768"
    "memorysetup-temp-allocator-size-gi-baking-worker=262144"
    "memorysetup-temp-allocator-size-gfx=262144"
Player connection [5420]  Target information:

Player connection [5420]  * "[IP] 192.168.56.1 [Port] 0 [Flags] 2 [Guid] 990351184 [EditorId] 990351184 [Version] 1048832 [Id] WindowsEditor(7,DESKTOP-FQ78H30) [Debug] 1 [PackageName] WindowsEditor [ProjectName] Editor" 

Player connection [5420]  * "[IP] 192.168.170.128 [Port] 0 [Flags] 2 [Guid] 990351184 [EditorId] 990351184 [Version] 1048832 [Id] WindowsEditor(7,DESKTOP-FQ78H30) [Debug] 1 [PackageName] WindowsEditor [ProjectName] Editor" 

Player connection [5420] Host joined multi-casting on [225.0.0.222:54997]...
Player connection [5420] Host joined alternative multi-casting on [225.0.0.222:34997]...
[PhysX] Initialized MultithreadedTaskDispatcher with 12 workers.
Refreshing native plugins compatible for Editor in 331.94 ms, found 3 plugins.
Preloading 0 native plugins for Editor in 0.00 ms.
Initialize engine version: 2022.3.51f1 (9f9d16c45e54)
[Subsystems] Discovering subsystems at path C:/Program Files/Unity/Hub/Editor/2022.3.51f1/Editor/Data/Resources/UnitySubsystems
[Subsystems] Discovering subsystems at path C:/Users/ernes/Desktop/Insti/Projecte/TheForgottenEpochs/Assets
GfxDevice: creating device client; threaded=0; jobified=0
Direct3D:
    Version:  Direct3D 11.0 [level 11.1]
    Renderer: Microsoft Basic Render Driver (ID=0x8c)
    Vendor:   Microsoft
    VRAM:     8102 MB
Shader Hidden/ProbeVolume/VoxelizeScene is not supported: GPU does not support conservative rasterization
Initialize mono
Mono path[0] = 'C:/Program Files/Unity/Hub/Editor/2022.3.51f1/Editor/Data/Managed'
Mono path[1] = 'C:/Program Files/Unity/Hub/Editor/2022.3.51f1/Editor/Data/MonoBleedingEdge/lib/mono/unityjit-win32'
Mono config path = 'C:/Program Files/Unity/Hub/Editor/2022.3.51f1/Editor/Data/MonoBleedingEdge/etc'
Using monoOptions --debugger-agent=transport=dt_socket,embedding=1,server=y,suspend=n,address=127.0.0.1:56120
Begin MonoManager ReloadAssembly
Registering precompiled unity dll's ...
Register platform support module: C:/Program Files/Unity/Hub/Editor/2022.3.51f1/Editor/Data/PlaybackEngines/WebGLSupport/UnityEditor.WebGL.Extensions.dll
Register platform support module: C:/Program Files/Unity/Hub/Editor/2022.3.51f1/Editor/Data/PlaybackEngines/AndroidPlayer/UnityEditor.Android.Extensions.dll
Register platform support module: C:/Program Files/Unity/Hub/Editor/2022.3.51f1/Editor/Data/PlaybackEngines/WindowsStandaloneSupport/UnityEditor.WindowsStandalone.Extensions.dll
Registered in 0.018408 seconds.
- Loaded All Assemblies, in  1.507 seconds
Native extension for WindowsStandalone target not found
Native extension for Android target not found
Android Extension - Scanning For ADB Devices 676 ms
Native extension for WebGL target not found
Mono: successfully reloaded assembly
- Finished resetting the current domain, in  1.229 seconds
Domain Reload Profiling: 2732ms
	BeginReloadAssembly (148ms)
		ExecutionOrderSort (0ms)
		DisableScriptedObjects (0ms)
		BackupInstance (0ms)
		ReleaseScriptingObjects (0ms)
		CreateAndSetChildDomain (1ms)
	RebuildCommonClasses (268ms)
	RebuildNativeTypeToScriptingClass (14ms)
	initialDomainReloadingComplete (95ms)
	LoadAllAssembliesAndSetupDomain (977ms)
		LoadAssemblies (146ms)
		RebuildTransferFunctionScriptingTraits (0ms)
		AnalyzeDomain (973ms)
			TypeCache.Refresh (970ms)
				TypeCache.ScanAssembly (950ms)
			ScanForSourceGeneratedMonoScriptInfo (1ms)
			ResolveRequiredComponents (1ms)
	FinalizeReload (1229ms)
		ReleaseScriptCaches (0ms)
		RebuildScriptCaches (0ms)
		SetupLoadedEditorAssemblies (1151ms)
			LogAssemblyErrors (0ms)
			InitializePlatformSupportModulesInManaged (851ms)
			SetLoadedEditorAssemblies (8ms)
			RefreshPlugins (0ms)
			BeforeProcessingInitializeOnLoad (4ms)
			ProcessInitializeOnLoadAttributes (209ms)
			ProcessInitializeOnLoadMethodAttributes (78ms)
			AfterProcessingInitializeOnLoad (0ms)
			EditorAssembliesLoaded (0ms)
		ExecutionOrderSort2 (0ms)
		AwakeInstancesAfterBackupRestoration (0ms)
========================================================================
Worker process is ready to serve import requests
Caller must complete domain reload
Begin MonoManager ReloadAssembly
Symbol file LoadedFromMemory is not a mono symbol file
- Loaded All Assemblies, in  1.481 seconds
Native extension for WindowsStandalone target not found
Native extension for Android target not found
Native extension for WebGL target not found
Mono: successfully reloaded assembly
- Finished resetting the current domain, in  1.629 seconds
Domain Reload Profiling: 3104ms
	BeginReloadAssembly (232ms)
		ExecutionOrderSort (0ms)
		DisableScriptedObjects (8ms)
		BackupInstance (0ms)
		ReleaseScriptingObjects (0ms)
		CreateAndSetChildDomain (39ms)
	RebuildCommonClasses (56ms)
	RebuildNativeTypeToScriptingClass (18ms)
	initialDomainReloadingComplete (68ms)
	LoadAllAssembliesAndSetupDomain (1101ms)
		LoadAssemblies (546ms)
		RebuildTransferFunctionScriptingTraits (0ms)
		AnalyzeDomain (685ms)
			TypeCache.Refresh (629ms)
				TypeCache.ScanAssembly (512ms)
			ScanForSourceGeneratedMonoScriptInfo (41ms)
			ResolveRequiredComponents (13ms)
	FinalizeReload (1629ms)
		ReleaseScriptCaches (0ms)
		RebuildScriptCaches (0ms)
		SetupLoadedEditorAssemblies (1357ms)
			LogAssemblyErrors (0ms)
			InitializePlatformSupportModulesInManaged (31ms)
			SetLoadedEditorAssemblies (5ms)
			RefreshPlugins (0ms)
			BeforeProcessingInitializeOnLoad (126ms)
			ProcessInitializeOnLoadAttributes (1093ms)
			ProcessInitializeOnLoadMethodAttributes (87ms)
			AfterProcessingInitializeOnLoad (14ms)
			EditorAssembliesLoaded (0ms)
		ExecutionOrderSort2 (0ms)
		AwakeInstancesAfterBackupRestoration (8ms)
Shader Hidden/ProbeVolume/VoxelizeScene is not supported: GPU does not support conservative rasterization
Launched and connected shader compiler UnityShaderCompiler.exe after 0.09 seconds
Refreshing native plugins compatible for Editor in 7.72 ms, found 3 plugins.
Preloading 0 native plugins for Editor in 0.00 ms.
Unloading 5319 Unused Serialized files (Serialized files now loaded: 0)
Unloading 37 unused Assets / (2.1 MB). Loaded Objects now: 5811.
Memory consumption went from 228.2 MB to 226.1 MB.
Total: 7.278500 ms (FindLiveObjects: 0.516400 ms CreateObjectMapping: 0.636200 ms MarkObjects: 5.557200 ms  DeleteObjects: 0.567500 ms)

AssetImportParameters requested are different than current active one (requested -> active):
  custom:container-demuxer-ogg: 62fdf1f143b41e24485cea50d1cbac27 -> 
  custom:video-decoder-ogg-theora: a1e56fd34408186e4bbccfd4996cb3dc -> 
  custom:framework-win-MediaFoundation: 216162199b28c13a410421893ffa2e32 -> 
  custom:CustomObjectIndexerAttribute: 9a22284fe3817be447336de3de66b15e -> 
  custom:container-demuxer-webm: 4f35f7cbe854078d1ac9338744f61a02 -> 
  custom:container-muxer-webm: aa71ff27fc2769a1b78a27578f13a17b -> 
  custom:video-decoder-webm-vp8: 9c59270c3fd7afecdb556c50c9e8de78 -> 
  custom:SearchIndexIgnoredProperties: e643bd26f0fe6173181afceb89e7c659 -> 
  custom:AudioImporter_EditorPlatform: d09bf68614088b80899f8185d706f6e7 -> 
  custom:video-encoder-webm-vp8: eb34c28f22e8b96e1ab97ce403110664 -> 
  custom:audio-decoder-ogg-vorbis: bf7c407c2cedff20999df2af8eb42d56 -> 
  custom:audio-encoder-webm-vorbis: bf7c407c2cedff20999df2af8eb42d56 -> 
========================================================================
Received Import Request.
  Time since last request: 4787.902042 seconds.
  path: Assets/Packages/DarkFantasyKit [Free]/Prefabs/Decoration/dfk_flag_01.prefab
  artifactKey: Guid(979c8c42fb7928b4b832295339cb2e8c) Importer(815301076,1909f56bfc062723c751e8b465ee728b)
Start importing Assets/Packages/DarkFantasyKit [Free]/Prefabs/Decoration/dfk_flag_01.prefab using Guid(979c8c42fb7928b4b832295339cb2e8c) Importer(815301076,1909f56bfc062723c751e8b465ee728b) [PhysX] Initialized MultithreadedTaskDispatcher with 12 workers.
[PhysX] Initialized MultithreadedTaskDispatcher with 12 workers.
 -> (artifact id: 'd50002db135cf91a78a5bfa75b102356') in 0.368839 seconds
Number of updated asset objects reloaded before import = 0
Number of asset objects unloaded after import = 53
========================================================================
Received Prepare
Caller must complete domain reload
Begin MonoManager ReloadAssembly
Symbol file LoadedFromMemory is not a mono symbol file
- Loaded All Assemblies, in  0.613 seconds
Native extension for WindowsStandalone target not found
Native extension for Android target not found
Native extension for WebGL target not found
Mono: successfully reloaded assembly
- Finished resetting the current domain, in  1.799 seconds
Domain Reload Profiling: 2407ms
	BeginReloadAssembly (192ms)
		ExecutionOrderSort (0ms)
		DisableScriptedObjects (4ms)
		BackupInstance (0ms)
		ReleaseScriptingObjects (0ms)
		CreateAndSetChildDomain (50ms)
	RebuildCommonClasses (40ms)
	RebuildNativeTypeToScriptingClass (21ms)
	initialDomainReloadingComplete (44ms)
	LoadAllAssembliesAndSetupDomain (310ms)
		LoadAssemblies (386ms)
		RebuildTransferFunctionScriptingTraits (0ms)
		AnalyzeDomain (21ms)
			TypeCache.Refresh (10ms)
				TypeCache.ScanAssembly (0ms)
			ScanForSourceGeneratedMonoScriptInfo (0ms)
			ResolveRequiredComponents (9ms)
	FinalizeReload (1800ms)
		ReleaseScriptCaches (0ms)
		RebuildScriptCaches (0ms)
		SetupLoadedEditorAssemblies (898ms)
			LogAssemblyErrors (0ms)
			InitializePlatformSupportModulesInManaged (21ms)
			SetLoadedEditorAssemblies (3ms)
			RefreshPlugins (0ms)
			BeforeProcessingInitializeOnLoad (92ms)
			ProcessInitializeOnLoadAttributes (712ms)
			ProcessInitializeOnLoadMethodAttributes (59ms)
			AfterProcessingInitializeOnLoad (11ms)
			EditorAssembliesLoaded (0ms)
		ExecutionOrderSort2 (0ms)
		AwakeInstancesAfterBackupRestoration (6ms)
Shader Hidden/ProbeVolume/VoxelizeScene is not supported: GPU does not support conservative rasterization
Refreshing native plugins compatible for Editor in 14.75 ms, found 3 plugins.
Preloading 0 native plugins for Editor in 0.00 ms.
Unloading 5207 Unused Serialized files (Serialized files now loaded: 0)
Unloading 30 unused Assets / (2.1 MB). Loaded Objects now: 5822.
Memory consumption went from 207.2 MB to 205.1 MB.
Total: 10.473000 ms (FindLiveObjects: 0.843900 ms CreateObjectMapping: 0.755800 ms MarkObjects: 7.877100 ms  DeleteObjects: 0.994400 ms)

Prepare: number of updated asset objects reloaded= 0
AssetImportParameters requested are different than current active one (requested -> active):
  custom:container-demuxer-ogg: 62fdf1f143b41e24485cea50d1cbac27 -> 
  custom:video-decoder-ogg-theora: a1e56fd34408186e4bbccfd4996cb3dc -> 
  custom:framework-win-MediaFoundation: 216162199b28c13a410421893ffa2e32 -> 
  custom:CustomObjectIndexerAttribute: 9a22284fe3817be447336de3de66b15e -> 
  custom:container-demuxer-webm: 4f35f7cbe854078d1ac9338744f61a02 -> 
  custom:container-muxer-webm: aa71ff27fc2769a1b78a27578f13a17b -> 
  custom:video-decoder-webm-vp8: 9c59270c3fd7afecdb556c50c9e8de78 -> 
  custom:SearchIndexIgnoredProperties: e643bd26f0fe6173181afceb89e7c659 -> 
  custom:AudioImporter_EditorPlatform: d09bf68614088b80899f8185d706f6e7 -> 
  custom:video-encoder-webm-vp8: eb34c28f22e8b96e1ab97ce403110664 -> 
  custom:audio-decoder-ogg-vorbis: bf7c407c2cedff20999df2af8eb42d56 -> 
  custom:audio-encoder-webm-vorbis: bf7c407c2cedff20999df2af8eb42d56 -> 
========================================================================
Received Import Request.
  Time since last request: 154.501496 seconds.
  path: Assets/Packages/DarkFantasyKit [Free]/Meshes/Decoration/Textiles/Materials/dfk_carpet_normal.png
  artifactKey: Guid(3228a4c6f9e9c9b49b2b154104e94162) Importer(815301076,1909f56bfc062723c751e8b465ee728b)
Start importing Assets/Packages/DarkFantasyKit [Free]/Meshes/Decoration/Textiles/Materials/dfk_carpet_normal.png using Guid(3228a4c6f9e9c9b49b2b154104e94162) Importer(815301076,1909f56bfc062723c751e8b465ee728b) [PhysX] Initialized MultithreadedTaskDispatcher with 12 workers.
[PhysX] Initialized MultithreadedTaskDispatcher with 12 workers.
 -> (artifact id: '42811c485b483d63d4101fee394d17f9') in 0.116072 seconds
Number of updated asset objects reloaded before import = 0
Number of asset objects unloaded after import = 2
========================================================================
Received Import Request.
  Time since last request: 1.665885 seconds.
  path: Assets/Packages/DarkFantasyKit [Free]/Meshes/Lightsources/Materials/dfk_candleholders_01_SmMetAO.png
  artifactKey: Guid(0cda48e888bfdf14dbb5b02d3f84def7) Importer(815301076,1909f56bfc062723c751e8b465ee728b)
Start importing Assets/Packages/DarkFantasyKit [Free]/Meshes/Lightsources/Materials/dfk_candleholders_01_SmMetAO.png using Guid(0cda48e888bfdf14dbb5b02d3f84def7) Importer(815301076,1909f56bfc062723c751e8b465ee728b) [PhysX] Initialized MultithreadedTaskDispatcher with 12 workers.
[PhysX] Initialized MultithreadedTaskDispatcher with 12 workers.
 -> (artifact id: '05e23a2b1f60ac73f96405266bb58435') in 0.047791 seconds
Number of updated asset objects reloaded before import = 0
Number of asset objects unloaded after import = 2
========================================================================
Received Import Request.
  Time since last request: 0.000020 seconds.
  path: Assets/Packages/DarkFantasyKit [Free]/Meshes/Steps, Floor, Ceiling/Materials/dfk_ceiling_wood_basecolor.png
  artifactKey: Guid(f9eebd76a81f8134696deb87599cf997) Importer(815301076,1909f56bfc062723c751e8b465ee728b)
Start importing Assets/Packages/DarkFantasyKit [Free]/Meshes/Steps, Floor, Ceiling/Materials/dfk_ceiling_wood_basecolor.png using Guid(f9eebd76a81f8134696deb87599cf997) Importer(815301076,1909f56bfc062723c751e8b465ee728b) [PhysX] Initialized MultithreadedTaskDispatcher with 12 workers.
[PhysX] Initialized MultithreadedTaskDispatcher with 12 workers.
 -> (artifact id: '468e9d9bc91325d62b42de61e8560dcb') in 0.047751 seconds
Number of updated asset objects reloaded before import = 0
Number of asset objects unloaded after import = 2
========================================================================
Received Import Request.
  Time since last request: 0.000040 seconds.
  path: Assets/Packages/DarkFantasyKit [Free]/Meshes/Doors and Gates/Materials/dfk_doors_01_basecolor.png
  artifactKey: Guid(d1e0d2ec9fa225c409dd918d32903ddc) Importer(815301076,1909f56bfc062723c751e8b465ee728b)
Start importing Assets/Packages/DarkFantasyKit [Free]/Meshes/Doors and Gates/Materials/dfk_doors_01_basecolor.png using Guid(d1e0d2ec9fa225c409dd918d32903ddc) Importer(815301076,1909f56bfc062723c751e8b465ee728b) [PhysX] Initialized MultithreadedTaskDispatcher with 12 workers.
[PhysX] Initialized MultithreadedTaskDispatcher with 12 workers.
 -> (artifact id: 'ebab230978ab33b9d7f193a35e2133d0') in 0.044570 seconds
Number of updated asset objects reloaded before import = 0
Number of asset objects unloaded after import = 2
========================================================================
Received Import Request.
  Time since last request: 0.000042 seconds.
  path: Assets/Packages/DarkFantasyKit [Free]/Meshes/Lightsources/Materials/dfk_candles_01_normal.png
  artifactKey: Guid(ea935fdddd4ccca448a2df9e935c0da2) Importer(815301076,1909f56bfc062723c751e8b465ee728b)
Start importing Assets/Packages/DarkFantasyKit [Free]/Meshes/Lightsources/Materials/dfk_candles_01_normal.png using Guid(ea935fdddd4ccca448a2df9e935c0da2) Importer(815301076,1909f56bfc062723c751e8b465ee728b) [PhysX] Initialized MultithreadedTaskDispatcher with 12 workers.
[PhysX] Initialized MultithreadedTaskDispatcher with 12 workers.
 -> (artifact id: '8196926c582c670298333fed553dfdef') in 0.047967 seconds
Number of updated asset objects reloaded before import = 0
Number of asset objects unloaded after import = 2
========================================================================
Received Import Request.
  Time since last request: 0.000024 seconds.
  path: Assets/Packages/DarkFantasyKit [Free]/Meshes/Steps, Floor, Ceiling/Materials/dfk_ceiling_wood_normal.png
  artifactKey: Guid(d379fa6357452bc47bdc5a81ba49ee06) Importer(815301076,1909f56bfc062723c751e8b465ee728b)
Start importing Assets/Packages/DarkFantasyKit [Free]/Meshes/Steps, Floor, Ceiling/Materials/dfk_ceiling_wood_normal.png using Guid(d379fa6357452bc47bdc5a81ba49ee06) Importer(815301076,1909f56bfc062723c751e8b465ee728b) [PhysX] Initialized MultithreadedTaskDispatcher with 12 workers.
[PhysX] Initialized MultithreadedTaskDispatcher with 12 workers.
 -> (artifact id: 'e97cfc6d387c09021cbf5641ba671d00') in 0.054350 seconds
Number of updated asset objects reloaded before import = 0
Number of asset objects unloaded after import = 2
========================================================================
Received Import Request.
  Time since last request: 0.000027 seconds.
  path: Assets/Packages/DarkFantasyKit [Free]/Meshes/Steps, Floor, Ceiling/Materials/dfk_ceiling_wood_SmMetAO.png
  artifactKey: Guid(ca6947dd2a5dbe54096404365583dd2e) Importer(815301076,1909f56bfc062723c751e8b465ee728b)
Start importing Assets/Packages/DarkFantasyKit [Free]/Meshes/Steps, Floor, Ceiling/Materials/dfk_ceiling_wood_SmMetAO.png using Guid(ca6947dd2a5dbe54096404365583dd2e) Importer(815301076,1909f56bfc062723c751e8b465ee728b) [PhysX] Initialized MultithreadedTaskDispatcher with 12 workers.
[PhysX] Initialized MultithreadedTaskDispatcher with 12 workers.
 -> (artifact id: '51d60106b2bd7ddd161f0e999f685bcf') in 0.050279 seconds
Number of updated asset objects reloaded before import = 0
Number of asset objects unloaded after import = 2
========================================================================
Received Import Request.
  Time since last request: 0.000021 seconds.
  path: Assets/Packages/DarkFantasyKit [Free]/Meshes/Lightsources/Materials/dfk_crystal_normal.png
  artifactKey: Guid(d33f6b51df533b94d91046c960a99e1c) Importer(815301076,1909f56bfc062723c751e8b465ee728b)
Start importing Assets/Packages/DarkFantasyKit [Free]/Meshes/Lightsources/Materials/dfk_crystal_normal.png using Guid(d33f6b51df533b94d91046c960a99e1c) Importer(815301076,1909f56bfc062723c751e8b465ee728b) [PhysX] Initialized MultithreadedTaskDispatcher with 12 workers.
[PhysX] Initialized MultithreadedTaskDispatcher with 12 workers.
 -> (artifact id: '304c1f2fd8c3054847961196001f2e11') in 0.031526 seconds
Number of updated asset objects reloaded before import = 0
Number of asset objects unloaded after import = 2
========================================================================
Received Import Request.
  Time since last request: 0.000018 seconds.
  path: Assets/Packages/DarkFantasyKit [Free]/Meshes/Doors and Gates/Materials/dfk_doorframe_normal.png
  artifactKey: Guid(f9d85b9db6931aa408d1d4525de2fff6) Importer(815301076,1909f56bfc062723c751e8b465ee728b)
Start importing Assets/Packages/DarkFantasyKit [Free]/Meshes/Doors and Gates/Materials/dfk_doorframe_normal.png using Guid(f9d85b9db6931aa408d1d4525de2fff6) Importer(815301076,1909f56bfc062723c751e8b465ee728b) [PhysX] Initialized MultithreadedTaskDispatcher with 12 workers.
[PhysX] Initialized MultithreadedTaskDispatcher with 12 workers.
 -> (artifact id: '1580bad938ec95d4cd6416a3b6f01372') in 0.061374 seconds
Number of updated asset objects reloaded before import = 0
Number of asset objects unloaded after import = 2
========================================================================
Received Import Request.
  Time since last request: 0.000051 seconds.
  path: Assets/Packages/DarkFantasyKit [Free]/Meshes/Furniture/Materials/dfk_desks_01_normal.png
  artifactKey: Guid(b059e47e83e730a4e981c63afa0639b9) Importer(815301076,1909f56bfc062723c751e8b465ee728b)
Start importing Assets/Packages/DarkFantasyKit [Free]/Meshes/Furniture/Materials/dfk_desks_01_normal.png using Guid(b059e47e83e730a4e981c63afa0639b9) Importer(815301076,1909f56bfc062723c751e8b465ee728b) [PhysX] Initialized MultithreadedTaskDispatcher with 12 workers.
[PhysX] Initialized MultithreadedTaskDispatcher with 12 workers.
 -> (artifact id: '9a162181cd703568fe97f13c92cffb65') in 0.061101 seconds
Number of updated asset objects reloaded before import = 0
Number of asset objects unloaded after import = 2
========================================================================
Received Import Request.
  Time since last request: 1.101540 seconds.
  path: Assets/Packages/Free Slash VFX/Textures/Circle Fire_albedo.png
  artifactKey: Guid(21568307615742e19ed9fba224f49f0b) Importer(815301076,1909f56bfc062723c751e8b465ee728b)
Start importing Assets/Packages/Free Slash VFX/Textures/Circle Fire_albedo.png using Guid(21568307615742e19ed9fba224f49f0b) Importer(815301076,1909f56bfc062723c751e8b465ee728b) [PhysX] Initialized MultithreadedTaskDispatcher with 12 workers.
[PhysX] Initialized MultithreadedTaskDispatcher with 12 workers.
 -> (artifact id: '5cfdadd7b0cd03c47cae64a34f254638') in 0.019331 seconds
Number of updated asset objects reloaded before import = 0
Number of asset objects unloaded after import = 2
========================================================================
Received Import Request.
  Time since last request: 0.009406 seconds.
  path: Assets/MaybePackages/Meet and Talk/Demo/Models/Computer.png
  artifactKey: Guid(c0176e801800fe3419f23eb01a544a8b) Importer(815301076,1909f56bfc062723c751e8b465ee728b)
Start importing Assets/MaybePackages/Meet and Talk/Demo/Models/Computer.png using Guid(c0176e801800fe3419f23eb01a544a8b) Importer(815301076,1909f56bfc062723c751e8b465ee728b) [PhysX] Initialized MultithreadedTaskDispatcher with 12 workers.
[PhysX] Initialized MultithreadedTaskDispatcher with 12 workers.
 -> (artifact id: 'cc0860fe4d49e2af5982fcdebb77c6e3') in 0.018610 seconds
Number of updated asset objects reloaded before import = 0
Number of asset objects unloaded after import = 2
========================================================================
Received Import Request.
  Time since last request: 0.000022 seconds.
  path: Assets/Packages/Horse Statue/textures/Console_norm.tga
  artifactKey: Guid(7481320db0f51a04ca3a162f18b0f2f3) Importer(815301076,1909f56bfc062723c751e8b465ee728b)
Start importing Assets/Packages/Horse Statue/textures/Console_norm.tga using Guid(7481320db0f51a04ca3a162f18b0f2f3) Importer(815301076,1909f56bfc062723c751e8b465ee728b) [PhysX] Initialized MultithreadedTaskDispatcher with 12 workers.
[PhysX] Initialized MultithreadedTaskDispatcher with 12 workers.
 -> (artifact id: '644dc4e6cc541dffebd45ddccd6e974b') in 0.041804 seconds
Number of updated asset objects reloaded before import = 0
Number of asset objects unloaded after import = 2
========================================================================
Received Import Request.
  Time since last request: 0.027608 seconds.
  path: Assets/Packages/Free Slash VFX/Textures/Crack Tex.png
  artifactKey: Guid(5557b7f988e17cc4d8f6966abe604e0e) Importer(815301076,1909f56bfc062723c751e8b465ee728b)
Start importing Assets/Packages/Free Slash VFX/Textures/Crack Tex.png using Guid(5557b7f988e17cc4d8f6966abe604e0e) Importer(815301076,1909f56bfc062723c751e8b465ee728b) [PhysX] Initialized MultithreadedTaskDispatcher with 12 workers.
[PhysX] Initialized MultithreadedTaskDispatcher with 12 workers.
 -> (artifact id: '9e2df5e0aa045bd930f35d75dc0a94d6') in 0.019372 seconds
Number of updated asset objects reloaded before import = 0
Number of asset objects unloaded after import = 2
========================================================================
Received Import Request.
  Time since last request: 0.000022 seconds.
  path: Assets/MaybePackages/Meet and Talk/Demo/Demo_Ui_texture/Creator_UI_2.png
  artifactKey: Guid(74f48a754c4ccc34cbdd7c1bd3be0b18) Importer(815301076,1909f56bfc062723c751e8b465ee728b)
Start importing Assets/MaybePackages/Meet and Talk/Demo/Demo_Ui_texture/Creator_UI_2.png using Guid(74f48a754c4ccc34cbdd7c1bd3be0b18) Importer(815301076,1909f56bfc062723c751e8b465ee728b) [PhysX] Initialized MultithreadedTaskDispatcher with 12 workers.
[PhysX] Initialized MultithreadedTaskDispatcher with 12 workers.
 -> (artifact id: '05578646445d41b14664af33fd93453c') in 0.031442 seconds
Number of updated asset objects reloaded before import = 0
Number of asset objects unloaded after import = 3
========================================================================
Received Import Request.
  Time since last request: 0.000019 seconds.
  path: Assets/Packages/SlimUI/Modern Menu 1/Graphics/Cursors/Cursor 1 64px.png
  artifactKey: Guid(7825633d016559249ade03ab1979c7b6) Importer(815301076,1909f56bfc062723c751e8b465ee728b)
Start importing Assets/Packages/SlimUI/Modern Menu 1/Graphics/Cursors/Cursor 1 64px.png using Guid(7825633d016559249ade03ab1979c7b6) Importer(815301076,1909f56bfc062723c751e8b465ee728b) [PhysX] Initialized MultithreadedTaskDispatcher with 12 workers.
[PhysX] Initialized MultithreadedTaskDispatcher with 12 workers.
 -> (artifact id: 'f3844b370228e57bff7daf78da704137') in 0.024113 seconds
Number of updated asset objects reloaded before import = 0
Number of asset objects unloaded after import = 2
========================================================================
Received Import Request.
  Time since last request: 0.017315 seconds.
  path: Assets/MaybePackages/The Legend of Slim/09 The Special/Sword/01.png
  artifactKey: Guid(460ca39a888d97046992fce8cf7eb94f) Importer(815301076,1909f56bfc062723c751e8b465ee728b)
Start importing Assets/MaybePackages/The Legend of Slim/09 The Special/Sword/01.png using Guid(460ca39a888d97046992fce8cf7eb94f) Importer(815301076,1909f56bfc062723c751e8b465ee728b) [PhysX] Initialized MultithreadedTaskDispatcher with 12 workers.
[PhysX] Initialized MultithreadedTaskDispatcher with 12 workers.
 -> (artifact id: '622de19d763a076e11072d4eaf93aa25') in 0.024959 seconds
Number of updated asset objects reloaded before import = 0
Number of asset objects unloaded after import = 3
========================================================================
Received Import Request.
  Time since last request: 24.042896 seconds.
  path: Assets/Packages/DarkFantasyKit [Free]/Prefabs/Furnitures/dfk_desk_02.prefab
  artifactKey: Guid(b9f4a9682ca0a4441a5cd19f4f2fa1bc) Importer(815301076,1909f56bfc062723c751e8b465ee728b)
Start importing Assets/Packages/DarkFantasyKit [Free]/Prefabs/Furnitures/dfk_desk_02.prefab using Guid(b9f4a9682ca0a4441a5cd19f4f2fa1bc) Importer(815301076,1909f56bfc062723c751e8b465ee728b) [PhysX] Initialized MultithreadedTaskDispatcher with 12 workers.
[PhysX] Initialized MultithreadedTaskDispatcher with 12 workers.
 -> (artifact id: 'dac48f559e5d615fa2037b9e4678244f') in 0.194747 seconds
Number of updated asset objects reloaded before import = 0
Number of asset objects unloaded after import = 17
Editor requested this worker to shutdown with reason: Scaling down because of idle timeout
TcpMessagingSession - receive error: operation aborted. errorcode: 995, details: La operación de E/S se anuló por una salida de subproceso o por una solicitud de aplicación.
AssetImportWorker is now disconnected from the server
Process exiting
Exiting without the bug reporter. Application will terminate with return code 0